{"/Users/gamaroff/Development/plugins/ionic-wizard-bubble/src/web.ts": {"path":"/Users/gamaroff/Development/plugins/ionic-wizard-bubble/src/web.ts","statementMap":{"0":{"start":{"line":1,"column":0},"end":{"line":1,"column":44}},"1":{"start":{"line":25,"column":4},"end":{"line":28,"column":7}},"2":{"start":{"line":6,"column":12},"end":{"line":6,"column":53}},"3":{"start":{"line":7,"column":12},"end":{"line":7,"column":28}},"4":{"start":{"line":8,"column":12},"end":{"line":8,"column":56}},"5":{"start":{"line":9,"column":12},"end":{"line":9,"column":76}},"6":{"start":{"line":10,"column":12},"end":{"line":22,"column":4}},"7":{"start":{"line":33,"column":4},"end":{"line":33,"column":30}},"8":{"start":{"line":37,"column":4},"end":{"line":37,"column":28}},"9":{"start":{"line":41,"column":4},"end":{"line":41,"column":33}},"10":{"start":{"line":45,"column":4},"end":{"line":45,"column":34}},"11":{"start":{"line":59,"column":4},"end":{"line":59,"column":31}},"12":{"start":{"line":60,"column":4},"end":{"line":62,"column":null}},"13":{"start":{"line":61,"column":6},"end":{"line":61,"column":55}},"14":{"start":{"line":64,"column":4},"end":{"line":64,"column":27}},"15":{"start":{"line":68,"column":17},"end":{"line":68,"column":38}},"16":{"start":{"line":69,"column":26},"end":{"line":69,"column":64}},"17":{"start":{"line":71,"column":4},"end":{"line":73,"column":null}},"18":{"start":{"line":72,"column":6},"end":{"line":72,"column":75}},"19":{"start":{"line":75,"column":4},"end":{"line":75,"column":33}},"20":{"start":{"line":76,"column":4},"end":{"line":76,"column":43}},"21":{"start":{"line":77,"column":4},"end":{"line":77,"column":40}},"22":{"start":{"line":81,"column":4},"end":{"line":83,"column":null}},"23":{"start":{"line":82,"column":6},"end":{"line":82,"column":52}},"24":{"start":{"line":85,"column":4},"end":{"line":85,"column":55}},"25":{"start":{"line":86,"column":4},"end":{"line":86,"column":51}},"26":{"start":{"line":87,"column":4},"end":{"line":87,"column":51}},"27":{"start":{"line":88,"column":4},"end":{"line":88,"column":74}},"28":{"start":{"line":89,"column":4},"end":{"line":89,"column":58}},"29":{"start":{"line":90,"column":4},"end":{"line":90,"column":46}},"30":{"start":{"line":91,"column":4},"end":{"line":91,"column":50}},"31":{"start":{"line":92,"column":4},"end":{"line":92,"column":70}},"32":{"start":{"line":93,"column":4},"end":{"line":93,"column":46}},"33":{"start":{"line":94,"column":4},"end":{"line":94,"column":48}},"34":{"start":{"line":96,"column":20},"end":{"line":96,"column":49}},"35":{"start":{"line":97,"column":4},"end":{"line":99,"column":null}},"36":{"start":{"line":98,"column":6},"end":{"line":98,"column":68}},"37":{"start":{"line":100,"column":4},"end":{"line":100,"column":35}},"38":{"start":{"line":101,"column":4},"end":{"line":101,"column":44}},"39":{"start":{"line":103,"column":28},"end":{"line":103,"column":57}},"40":{"start":{"line":104,"column":4},"end":{"line":104,"column":45}},"41":{"start":{"line":105,"column":4},"end":{"line":105,"column":46}},"42":{"start":{"line":107,"column":19},"end":{"line":107,"column":51}},"43":{"start":{"line":108,"column":4},"end":{"line":108,"column":88}},"44":{"start":{"line":109,"column":4},"end":{"line":109,"column":58}},"45":{"start":{"line":110,"column":4},"end":{"line":110,"column":52}},"46":{"start":{"line":111,"column":4},"end":{"line":111,"column":33}},"47":{"start":{"line":112,"column":4},"end":{"line":112,"column":38}},"48":{"start":{"line":113,"column":4},"end":{"line":113,"column":38}},"49":{"start":{"line":114,"column":4},"end":{"line":114,"column":36}},"50":{"start":{"line":115,"column":4},"end":{"line":115,"column":39}},"51":{"start":{"line":115,"column":27},"end":{"line":115,"column":38}},"52":{"start":{"line":117,"column":4},"end":{"line":117,"column":40}},"53":{"start":{"line":118,"column":4},"end":{"line":118,"column":52}},"54":{"start":{"line":120,"column":4},"end":{"line":120,"column":50}},"55":{"start":{"line":121,"column":4},"end":{"line":121,"column":39}},"56":{"start":{"line":125,"column":4},"end":{"line":125,"column":36}},"57":{"start":{"line":125,"column":29},"end":{"line":125,"column":36}},"58":{"start":{"line":127,"column":23},"end":{"line":127,"column":60}},"59":{"start":{"line":128,"column":23},"end":{"line":128,"column":65}},"60":{"start":{"line":130,"column":14},"end":{"line":130,"column":36}},"61":{"start":{"line":131,"column":15},"end":{"line":131,"column":74}},"62":{"start":{"line":133,"column":4},"end":{"line":135,"column":null}},"63":{"start":{"line":134,"column":6},"end":{"line":134,"column":52}},"64":{"start":{"line":137,"column":4},"end":{"line":141,"column":null}},"65":{"start":{"line":138,"column":6},"end":{"line":138,"column":16}},"66":{"start":{"line":139,"column":11},"end":{"line":141,"column":null}},"67":{"start":{"line":140,"column":6},"end":{"line":140,"column":55}},"68":{"start":{"line":143,"column":4},"end":{"line":143,"column":46}},"69":{"start":{"line":144,"column":4},"end":{"line":144,"column":48}},"70":{"start":{"line":148,"column":4},"end":{"line":150,"column":null}},"71":{"start":{"line":149,"column":6},"end":{"line":149,"column":55}},"72":{"start":{"line":152,"column":4},"end":{"line":152,"column":58}},"73":{"start":{"line":153,"column":4},"end":{"line":153,"column":57}},"74":{"start":{"line":155,"column":17},"end":{"line":155,"column":54}},"75":{"start":{"line":156,"column":4},"end":{"line":156,"column":54}},"76":{"start":{"line":157,"column":4},"end":{"line":157,"column":54}},"77":{"start":{"line":158,"column":4},"end":{"line":158,"column":56}},"78":{"start":{"line":159,"column":4},"end":{"line":159,"column":58}},"79":{"start":{"line":160,"column":4},"end":{"line":160,"column":60}},"80":{"start":{"line":161,"column":4},"end":{"line":161,"column":82}},"81":{"start":{"line":162,"column":4},"end":{"line":162,"column":53}},"82":{"start":{"line":163,"column":4},"end":{"line":163,"column":73}},"83":{"start":{"line":164,"column":4},"end":{"line":164,"column":55}},"84":{"start":{"line":165,"column":4},"end":{"line":165,"column":48}},"85":{"start":{"line":167,"column":18},"end":{"line":167,"column":49}},"86":{"start":{"line":168,"column":4},"end":{"line":174,"column":6}},"87":{"start":{"line":175,"column":4},"end":{"line":175,"column":37}},"88":{"start":{"line":177,"column":4},"end":{"line":177,"column":53}},"89":{"start":{"line":181,"column":4},"end":{"line":184,"column":null}},"90":{"start":{"line":182,"column":6},"end":{"line":182,"column":24}},"91":{"start":{"line":183,"column":6},"end":{"line":183,"column":34}},"92":{"start":{"line":186,"column":4},"end":{"line":186,"column":46}},"93":{"start":{"line":187,"column":4},"end":{"line":187,"column":33}},"94":{"start":{"line":191,"column":4},"end":{"line":194,"column":null}},"95":{"start":{"line":192,"column":6},"end":{"line":192,"column":52}},"96":{"start":{"line":193,"column":6},"end":{"line":193,"column":32}},"97":{"start":{"line":196,"column":4},"end":{"line":199,"column":null}},"98":{"start":{"line":197,"column":6},"end":{"line":197,"column":55}},"99":{"start":{"line":198,"column":6},"end":{"line":198,"column":35}},"100":{"start":{"line":5,"column":0},"end":{"line":5,"column":13}}},"fnMap":{"0":{"name":"(anonymous_0)","decl":{"start":{"line":24,"column":2},"end":{"line":24,"column":null}},"loc":{"start":{"line":24,"column":2},"end":{"line":29,"column":3}}},"1":{"name":"(anonymous_1)","decl":{"start":{"line":32,"column":2},"end":{"line":32,"column":13}},"loc":{"start":{"line":32,"column":30},"end":{"line":34,"column":3}}},"2":{"name":"(anonymous_2)","decl":{"start":{"line":36,"column":2},"end":{"line":36,"column":13}},"loc":{"start":{"line":36,"column":28},"end":{"line":38,"column":3}}},"3":{"name":"(anonymous_3)","decl":{"start":{"line":40,"column":2},"end":{"line":40,"column":13}},"loc":{"start":{"line":40,"column":33},"end":{"line":42,"column":3}}},"4":{"name":"(anonymous_4)","decl":{"start":{"line":44,"column":9},"end":{"line":44,"column":28}},"loc":{"start":{"line":44,"column":49},"end":{"line":46,"column":3}}},"5":{"name":"(anonymous_5)","decl":{"start":{"line":48,"column":2},"end":{"line":48,"column":7}},"loc":{"start":{"line":58,"column":3},"end":{"line":65,"column":3}}},"6":{"name":"(anonymous_6)","decl":{"start":{"line":67,"column":12},"end":{"line":67,"column":17}},"loc":{"start":{"line":67,"column":44},"end":{"line":78,"column":3}}},"7":{"name":"(anonymous_7)","decl":{"start":{"line":80,"column":12},"end":{"line":80,"column":24}},"loc":{"start":{"line":80,"column":90},"end":{"line":122,"column":3}}},"8":{"name":"(anonymous_8)","decl":{"start":{"line":115,"column":21},"end":{"line":115,"column":24}},"loc":{"start":{"line":115,"column":27},"end":{"line":115,"column":38}}},"9":{"name":"(anonymous_9)","decl":{"start":{"line":124,"column":12},"end":{"line":124,"column":26}},"loc":{"start":{"line":124,"column":53},"end":{"line":145,"column":3}}},"10":{"name":"(anonymous_10)","decl":{"start":{"line":147,"column":12},"end":{"line":147,"column":27}},"loc":{"start":{"line":147,"column":54},"end":{"line":178,"column":3}}},"11":{"name":"(anonymous_11)","decl":{"start":{"line":180,"column":2},"end":{"line":180,"column":7}},"loc":{"start":{"line":180,"column":12},"end":{"line":188,"column":3}}},"12":{"name":"(anonymous_12)","decl":{"start":{"line":190,"column":2},"end":{"line":190,"column":7}},"loc":{"start":{"line":190,"column":12},"end":{"line":200,"column":3}}}},"branchMap":{"0":{"loc":{"start":{"line":60,"column":4},"end":{"line":62,"column":null}},"type":"if","locations":[{"start":{"line":60,"column":4},"end":{"line":62,"column":null}}]},"1":{"loc":{"start":{"line":71,"column":4},"end":{"line":73,"column":null}},"type":"if","locations":[{"start":{"line":71,"column":4},"end":{"line":73,"column":null}}]},"2":{"loc":{"start":{"line":81,"column":4},"end":{"line":83,"column":null}},"type":"if","locations":[{"start":{"line":81,"column":4},"end":{"line":83,"column":null}}]},"3":{"loc":{"start":{"line":97,"column":4},"end":{"line":99,"column":null}},"type":"if","locations":[{"start":{"line":97,"column":4},"end":{"line":99,"column":null}}]},"4":{"loc":{"start":{"line":108,"column":25},"end":{"line":108,"column":87}},"type":"cond-expr","locations":[{"start":{"line":108,"column":70},"end":{"line":108,"column":78}},{"start":{"line":108,"column":81},"end":{"line":108,"column":87}}]},"5":{"loc":{"start":{"line":125,"column":4},"end":{"line":125,"column":36}},"type":"if","locations":[{"start":{"line":125,"column":4},"end":{"line":125,"column":36}}]},"6":{"loc":{"start":{"line":133,"column":4},"end":{"line":135,"column":null}},"type":"if","locations":[{"start":{"line":133,"column":4},"end":{"line":135,"column":null}}]},"7":{"loc":{"start":{"line":137,"column":4},"end":{"line":141,"column":null}},"type":"if","locations":[{"start":{"line":137,"column":4},"end":{"line":141,"column":null}},{"start":{"line":139,"column":11},"end":{"line":141,"column":null}}]},"8":{"loc":{"start":{"line":139,"column":11},"end":{"line":141,"column":null}},"type":"if","locations":[{"start":{"line":139,"column":11},"end":{"line":141,"column":null}}]},"9":{"loc":{"start":{"line":148,"column":4},"end":{"line":150,"column":null}},"type":"if","locations":[{"start":{"line":148,"column":4},"end":{"line":150,"column":null}}]},"10":{"loc":{"start":{"line":181,"column":4},"end":{"line":184,"column":null}},"type":"if","locations":[{"start":{"line":181,"column":4},"end":{"line":184,"column":null}}]},"11":{"loc":{"start":{"line":191,"column":4},"end":{"line":194,"column":null}},"type":"if","locations":[{"start":{"line":191,"column":4},"end":{"line":194,"column":null}}]},"12":{"loc":{"start":{"line":196,"column":4},"end":{"line":199,"column":null}},"type":"if","locations":[{"start":{"line":196,"column":4},"end":{"line":199,"column":null}}]}},"s":{"0":0,"1":0,"2":0,"3":0,"4":0,"5":0,"6":0,"7":0,"8":0,"9":0,"10":0,"11":0,"12":0,"13":0,"14":0,"15":0,"16":0,"17":0,"18":0,"19":0,"20":0,"21":0,"22":0,"23":0,"24":0,"25":0,"26":0,"27":0,"28":0,"29":0,"30":0,"31":0,"32":0,"33":0,"34":0,"35":0,"36":0,"37":0,"38":0,"39":0,"40":0,"41":0,"42":0,"43":0,"44":0,"45":0,"46":0,"47":0,"48":0,"49":0,"50":0,"51":0,"52":0,"53":0,"54":0,"55":0,"56":0,"57":0,"58":0,"59":0,"60":0,"61":0,"62":0,"63":0,"64":0,"65":0,"66":0,"67":0,"68":0,"69":0,"70":0,"71":0,"72":0,"73":0,"74":0,"75":0,"76":0,"77":0,"78":0,"79":0,"80":0,"81":0,"82":0,"83":0,"84":0,"85":0,"86":0,"87":0,"88":0,"89":0,"90":0,"91":0,"92":0,"93":0,"94":0,"95":0,"96":0,"97":0,"98":0,"99":0,"100":0},"f":{"0":0,"1":0,"2":0,"3":0,"4":0,"5":0,"6":0,"7":0,"8":0,"9":0,"10":0,"11":0,"12":0},"b":{"0":[0],"1":[0],"2":[0],"3":[0],"4":[0,0],"5":[0],"6":[0],"7":[0,0],"8":[0],"9":[0],"10":[0],"11":[0],"12":[0]}}
}
